[2022-09-18T16:58:53.080] [DEBUG] cheese - login => username:zs,password:123456
[2022-09-18T16:58:53.169] [DEBUG] cheese - zs
[2022-09-18T16:58:53.191] [DEBUG] cheese - null
[2022-09-18T16:58:53.192] [DEBUG] cheese - null
[2022-09-18T17:00:57.804] [DEBUG] cheese - login => username:admin,password:123456
[2022-09-18T17:00:57.804] [DEBUG] cheese - admin
[2022-09-18T17:00:57.818] [DEBUG] cheese - null
[2022-09-18T17:00:57.818] [DEBUG] cheese - null
[2022-10-11T10:35:30.495] [DEBUG] cheese - login => username:jjj,password:gggg
[2022-10-11T10:35:30.496] [DEBUG] cheese - jjj
[2022-10-11T10:35:30.579] [DEBUG] cheese - null
[2022-10-11T10:35:30.579] [DEBUG] cheese - null
[2022-10-11T10:36:11.961] [DEBUG] cheese - login => username:yyy,password:jjj
[2022-10-11T10:36:11.961] [DEBUG] cheese - yyy
[2022-10-11T10:36:11.965] [DEBUG] cheese - null
[2022-10-11T10:36:11.965] [DEBUG] cheese - null
[2022-10-11T10:37:13.435] [DEBUG] cheese - login => username:hhh,password:jjjj
[2022-10-11T10:37:13.435] [DEBUG] cheese - hhh
[2022-10-11T10:37:13.438] [DEBUG] cheese - null
[2022-10-11T10:37:13.438] [DEBUG] cheese - null
[2022-10-11T10:39:41.898] [DEBUG] cheese - login => username:hhh,password:hhh 
[2022-10-11T10:39:41.898] [DEBUG] cheese - hhh
[2022-10-11T10:39:41.906] [DEBUG] cheese - null
[2022-10-11T10:39:41.906] [DEBUG] cheese - null
[2022-10-11T10:42:08.604] [DEBUG] cheese - login => username:ggg,password:dddd
[2022-10-11T10:42:08.604] [DEBUG] cheese - ggg
[2022-10-11T10:42:08.611] [DEBUG] cheese - null
[2022-10-11T10:42:08.612] [DEBUG] cheese - null
[2022-10-11T10:42:26.401] [DEBUG] cheese - login => username:admin,password:123456
[2022-10-11T10:42:26.402] [DEBUG] cheese - admin
[2022-10-11T10:42:26.407] [DEBUG] cheese - null
[2022-10-11T10:42:26.407] [DEBUG] cheese - null
[2022-10-11T10:44:51.727] [DEBUG] cheese - login => username:aaa,password:bbb
[2022-10-11T10:44:51.727] [DEBUG] cheese - aaa
[2022-10-11T10:44:51.734] [DEBUG] cheese - null
[2022-10-11T10:44:51.734] [DEBUG] cheese - null
[2022-10-11T10:52:22.514] [DEBUG] cheese - login => username:kkk,password:1111
[2022-10-11T10:52:22.514] [DEBUG] cheese - kkk
[2022-10-11T10:52:22.521] [DEBUG] cheese - null
[2022-10-11T10:52:22.521] [DEBUG] cheese - null
[2022-10-11T10:55:43.572] [DEBUG] cheese - login => username:ggg,password:hhhh
[2022-10-11T10:55:43.572] [DEBUG] cheese - ggg
[2022-10-11T10:55:43.580] [DEBUG] cheese - null
[2022-10-11T10:55:43.580] [DEBUG] cheese - null
[2022-10-11T10:56:15.317] [DEBUG] cheese - login => username:aaa,password:bbb
[2022-10-11T10:56:15.318] [DEBUG] cheese - aaa
[2022-10-11T10:56:15.320] [DEBUG] cheese - null
[2022-10-11T10:56:15.320] [DEBUG] cheese - null
[2022-10-11T10:56:26.389] [DEBUG] cheese - login => username:bbb,password:ffff
[2022-10-11T10:56:26.389] [DEBUG] cheese - bbb
[2022-10-11T10:56:26.391] [DEBUG] cheese - null
[2022-10-11T10:56:26.391] [DEBUG] cheese - null
[2022-10-11T10:56:51.140] [DEBUG] cheese - login => username:admin,password:123456
[2022-10-11T10:56:51.140] [DEBUG] cheese - admin
[2022-10-11T10:56:51.143] [DEBUG] cheese - null
[2022-10-11T10:56:51.143] [DEBUG] cheese - null
[2022-10-11T10:57:24.478] [DEBUG] cheese - login => username:admin,password:123456
[2022-10-11T10:57:24.478] [DEBUG] cheese - admin
[2022-10-11T10:57:24.480] [DEBUG] cheese - null
[2022-10-11T10:57:24.480] [DEBUG] cheese - null
[2022-10-11T10:59:38.148] [DEBUG] cheese - login => username:admin,password:123456
[2022-10-11T10:59:38.148] [DEBUG] cheese - admin
[2022-10-11T10:59:38.156] [DEBUG] cheese - null
[2022-10-11T10:59:38.156] [DEBUG] cheese - null
[2022-10-11T11:01:12.806] [DEBUG] cheese - login => username:admin,password:123456
[2022-10-11T11:01:12.806] [DEBUG] cheese - admin
[2022-10-11T11:01:12.809] [DEBUG] cheese - null
[2022-10-11T11:01:12.809] [DEBUG] cheese - null
[2022-10-11T11:01:26.786] [DEBUG] cheese - login => username:admin,password:123456
[2022-10-11T11:01:26.786] [DEBUG] cheese - admin
[2022-10-11T11:01:26.790] [DEBUG] cheese - null
[2022-10-11T11:01:26.790] [DEBUG] cheese - null
[2022-10-11T11:01:41.673] [DEBUG] cheese - login => username:admin,password:123456
[2022-10-11T11:01:41.673] [DEBUG] cheese - admin
[2022-10-11T11:01:41.676] [DEBUG] cheese - null
[2022-10-11T11:01:41.677] [DEBUG] cheese - null
[2022-10-11T11:10:15.793] [DEBUG] cheese - login => username:admin,password:123456
[2022-10-11T11:10:15.793] [DEBUG] cheese - admin
[2022-10-11T11:10:15.803] [DEBUG] cheese - null
[2022-10-11T11:10:15.803] [DEBUG] cheese - null
[2022-10-11T11:11:03.761] [DEBUG] cheese - login => username:admin,password:123456
[2022-10-11T11:11:03.762] [DEBUG] cheese - admin
[2022-10-11T11:11:03.764] [DEBUG] cheese - null
[2022-10-11T11:11:03.764] [DEBUG] cheese - null
[2022-10-11T11:12:52.064] [DEBUG] cheese - login => username:admin,password:123456
[2022-10-11T11:12:52.064] [DEBUG] cheese - admin
[2022-10-11T11:12:52.067] [DEBUG] cheese - null
[2022-10-11T11:12:52.068] [DEBUG] cheese - null
[2022-10-11T11:13:45.559] [DEBUG] cheese - login => username:admin,password:123456
[2022-10-11T11:13:45.559] [DEBUG] cheese - admin
[2022-10-11T11:13:45.561] [DEBUG] cheese - null
[2022-10-11T11:13:45.562] [DEBUG] cheese - null
[2022-10-11T11:13:49.704] [DEBUG] cheese - login => username:admin,password:123456
[2022-10-11T11:13:49.704] [DEBUG] cheese - admin
[2022-10-11T11:13:49.707] [DEBUG] cheese - null
[2022-10-11T11:13:49.707] [DEBUG] cheese - null
[2022-10-11T11:13:51.586] [DEBUG] cheese - login => username:admin,password:123456
[2022-10-11T11:13:51.586] [DEBUG] cheese - admin
[2022-10-11T11:13:51.588] [DEBUG] cheese - null
[2022-10-11T11:13:51.588] [DEBUG] cheese - null
[2022-10-11T11:13:53.730] [DEBUG] cheese - login => username:admin,password:123456
[2022-10-11T11:13:53.730] [DEBUG] cheese - admin
[2022-10-11T11:13:53.732] [DEBUG] cheese - null
[2022-10-11T11:13:53.732] [DEBUG] cheese - null
[2022-10-11T12:09:23.915] [DEBUG] cheese - login => username:admin,password:123456
[2022-10-11T12:09:23.915] [DEBUG] cheese - admin
[2022-10-11T12:09:23.924] [DEBUG] cheese - null
[2022-10-11T12:09:23.924] [DEBUG] cheese - null
[2022-10-12T11:04:18.198] [DEBUG] cheese - login => username:admin,password:123456
[2022-10-12T11:04:18.200] [DEBUG] cheese - admin
[2022-10-12T11:04:18.453] [DEBUG] cheese - null
[2022-10-12T11:04:18.454] [DEBUG] cheese - null
[2022-10-12T12:47:30.260] [DEBUG] cheese - login => username:admin,password:123456
[2022-10-12T12:47:30.260] [DEBUG] cheese - admin
[2022-10-12T12:47:30.266] [DEBUG] cheese - null
[2022-10-12T12:47:30.266] [DEBUG] cheese - null
[2022-10-12T13:22:26.868] [DEBUG] cheese - login => username:admin,password:123456
[2022-10-12T13:22:26.868] [DEBUG] cheese - admin
[2022-10-12T13:22:26.874] [DEBUG] cheese - null
[2022-10-12T13:22:26.874] [DEBUG] cheese - null
[2022-10-12T14:38:34.669] [DEBUG] cheese - login => username:admin,password:123456
[2022-10-12T14:38:34.669] [DEBUG] cheese - admin
[2022-10-12T14:38:34.676] [DEBUG] cheese - null
[2022-10-12T14:38:34.676] [DEBUG] cheese - null
[2022-10-12T14:47:06.100] [DEBUG] cheese - login => username:admin,password:123456
[2022-10-12T14:47:06.100] [DEBUG] cheese - admin
[2022-10-12T14:47:06.107] [DEBUG] cheese - null
[2022-10-12T14:47:06.107] [DEBUG] cheese - null
[2022-10-13T11:41:12.771] [DEBUG] cheese - login => username:admin,password:123456
[2022-10-13T11:41:12.772] [DEBUG] cheese - admin
[2022-10-13T11:41:12.991] [DEBUG] cheese - null
[2022-10-13T11:41:12.992] [DEBUG] cheese - null
[2022-10-13T13:03:44.618] [DEBUG] cheese - login => username:aaa,password:bbb
[2022-10-13T13:03:44.619] [DEBUG] cheese - aaa
[2022-10-13T13:03:44.621] [DEBUG] cheese - null
[2022-10-13T13:03:44.621] [DEBUG] cheese - null
[2022-10-13T13:03:48.721] [DEBUG] cheese - login => username:aaa,password:bbbggggggggggggggggggggggggggggggg
[2022-10-13T13:03:48.721] [DEBUG] cheese - aaa
[2022-10-13T13:03:48.723] [DEBUG] cheese - null
[2022-10-13T13:03:48.724] [DEBUG] cheese - null
[2022-10-13T13:03:50.890] [DEBUG] cheese - login => username:aaa,password:bbbggggggggggggggggggggggggggggggg
[2022-10-13T13:03:50.890] [DEBUG] cheese - aaa
[2022-10-13T13:03:50.893] [DEBUG] cheese - null
[2022-10-13T13:03:50.893] [DEBUG] cheese - null
[2022-10-13T13:04:08.066] [DEBUG] cheese - login => username:admin,password:123456
[2022-10-13T13:04:08.066] [DEBUG] cheese - admin
[2022-10-13T13:04:08.068] [DEBUG] cheese - null
[2022-10-13T13:04:08.069] [DEBUG] cheese - null
[2022-10-15T11:47:50.435] [DEBUG] cheese - login => username:admin,password:123456
[2022-10-15T11:47:50.437] [DEBUG] cheese - admin
[2022-10-15T11:47:50.517] [DEBUG] cheese - null
[2022-10-15T11:47:50.518] [DEBUG] cheese - null
[2022-10-15T12:09:15.586] [DEBUG] cheese - null
[2022-10-15T12:11:35.883] [DEBUG] cheese - null
[2022-10-15T12:12:12.412] [DEBUG] cheese - null
[2022-10-15T12:15:05.715] [DEBUG] cheese - null
[2022-10-15T12:52:08.455] [DEBUG] cheese - login => username:admin,password:123456
[2022-10-15T12:52:08.456] [DEBUG] cheese - admin
[2022-10-15T12:52:08.465] [DEBUG] cheese - null
[2022-10-15T12:52:08.465] [DEBUG] cheese - null
[2022-10-15T14:42:28.018] [DEBUG] cheese - login => username:admin,password:123456
[2022-10-15T14:42:28.019] [DEBUG] cheese - admin
[2022-10-15T14:42:28.021] [DEBUG] cheese - null
[2022-10-15T14:42:28.021] [DEBUG] cheese - null
[2022-10-20T14:13:10.808] [DEBUG] cheese - login => username:admin,password:123456
[2022-10-20T14:13:10.810] [DEBUG] cheese - admin
[2022-10-20T14:13:11.160] [DEBUG] cheese - null
[2022-10-20T14:13:11.160] [DEBUG] cheese - null
[2022-10-20T17:02:01.968] [DEBUG] cheese - login => username:admin,password:123456
[2022-10-20T17:02:01.970] [DEBUG] cheese - admin
[2022-10-20T17:02:01.976] [DEBUG] cheese - null
[2022-10-20T17:02:01.976] [DEBUG] cheese - null
[2022-10-21T15:38:37.640] [DEBUG] cheese - login => username:admin,password:123456
[2022-10-21T15:38:37.642] [DEBUG] cheese - admin
[2022-10-21T15:38:37.711] [DEBUG] cheese - null
[2022-10-21T15:38:37.712] [DEBUG] cheese - null
[2022-10-24T19:08:37.575] [DEBUG] cheese - login => username:admin,password:123456
[2022-10-24T19:08:37.577] [DEBUG] cheese - admin
[2022-10-24T19:08:37.653] [DEBUG] cheese - null
[2022-10-24T19:08:37.653] [DEBUG] cheese - null
[2022-10-25T10:17:57.198] [DEBUG] cheese - login => username:admin,password:123456
[2022-10-25T10:17:57.199] [DEBUG] cheese - admin
[2022-10-25T10:17:57.425] [DEBUG] cheese - null
[2022-10-25T10:17:57.425] [DEBUG] cheese - null
[2022-10-25T16:46:52.075] [DEBUG] cheese - login => username:admin,password:123456
[2022-10-25T16:46:52.077] [DEBUG] cheese - admin
[2022-10-25T16:46:52.085] [DEBUG] cheese - null
[2022-10-25T16:46:52.086] [DEBUG] cheese - null
[2022-10-25T17:26:43.435] [DEBUG] cheese - null
[2022-10-25T17:27:03.741] [DEBUG] cheese - null
[2022-10-25T17:27:32.849] [DEBUG] cheese - null
[2022-10-25T17:28:18.945] [DEBUG] cheese - null
[2022-10-25T17:28:41.926] [DEBUG] cheese - null
[2022-10-28T12:46:56.308] [DEBUG] cheese - login => username:admin,password:123456
[2022-10-28T12:46:56.310] [DEBUG] cheese - admin
[2022-10-28T12:46:56.638] [DEBUG] cheese - null
[2022-10-28T12:46:56.639] [DEBUG] cheese - null
[2022-10-28T14:27:45.296] [DEBUG] cheese - login => username:admin,password:123456
[2022-10-28T14:27:45.299] [DEBUG] cheese - admin
[2022-10-28T14:27:45.313] [DEBUG] cheese - null
[2022-10-28T14:27:45.313] [DEBUG] cheese - null
[2022-10-28T14:43:08.237] [DEBUG] cheese - login => username:admin,password:123456
[2022-10-28T14:43:08.239] [DEBUG] cheese - admin
[2022-10-28T14:43:08.245] [DEBUG] cheese - null
[2022-10-28T14:43:08.246] [DEBUG] cheese - null
[2022-10-28T14:45:04.624] [DEBUG] cheese - login => username:admin,password:123456
[2022-10-28T14:45:04.624] [DEBUG] cheese - admin
[2022-10-28T14:45:04.627] [DEBUG] cheese - null
[2022-10-28T14:45:04.627] [DEBUG] cheese - null
[2022-10-28T15:20:29.168] [DEBUG] cheese - login => username:admin,password:123456
[2022-10-28T15:20:29.169] [DEBUG] cheese - admin
[2022-10-28T15:20:29.172] [DEBUG] cheese - null
[2022-10-28T15:20:29.172] [DEBUG] cheese - null
[2022-10-28T15:59:08.905] [DEBUG] cheese - login => username:admin,password:123456
[2022-10-28T15:59:08.905] [DEBUG] cheese - admin
[2022-10-28T15:59:08.924] [DEBUG] cheese - null
[2022-10-28T15:59:08.924] [DEBUG] cheese - null
[2022-10-28T15:59:13.269] [DEBUG] cheese - login => username:admin,password:123456
[2022-10-28T15:59:13.269] [DEBUG] cheese - admin
[2022-10-28T15:59:13.271] [DEBUG] cheese - null
[2022-10-28T15:59:13.271] [DEBUG] cheese - null
[2022-10-28T16:26:15.706] [DEBUG] cheese - login => username:admin,password:123456
[2022-10-28T16:26:15.706] [DEBUG] cheese - admin
[2022-10-28T16:26:15.714] [DEBUG] cheese - null
[2022-10-28T16:26:15.715] [DEBUG] cheese - null
[2022-10-28T17:00:37.677] [DEBUG] cheese - login => username:admin,password:123456
[2022-10-28T17:00:37.677] [DEBUG] cheese - admin
[2022-10-28T17:00:37.685] [DEBUG] cheese - null
[2022-10-28T17:00:37.685] [DEBUG] cheese - null
[2022-11-04T14:41:59.011] [DEBUG] cheese - login => username:admin,password:123456
[2022-11-04T14:41:59.013] [DEBUG] cheese - admin
[2022-11-04T14:41:59.127] [DEBUG] cheese - null
[2022-11-04T14:41:59.127] [DEBUG] cheese - null
[2022-11-04T14:42:19.910] [DEBUG] cheese - login => username:admin,password:123456
[2022-11-04T14:42:19.910] [DEBUG] cheese - admin
[2022-11-04T14:42:19.915] [DEBUG] cheese - null
[2022-11-04T14:42:19.916] [DEBUG] cheese - null
[2022-11-04T14:42:31.928] [DEBUG] cheese - login => username:admin,password:123456
[2022-11-04T14:42:31.929] [DEBUG] cheese - admin
[2022-11-04T14:42:31.933] [DEBUG] cheese - null
[2022-11-04T14:42:31.933] [DEBUG] cheese - null
[2022-11-04T14:42:36.171] [DEBUG] cheese - login => username:admin,password:123456
[2022-11-04T14:42:36.172] [DEBUG] cheese - admin
[2022-11-04T14:42:36.176] [DEBUG] cheese - null
[2022-11-04T14:42:36.176] [DEBUG] cheese - null
